using CXX compiler and CXXFLAGS:
g++-12 (Homebrew GCC 12.2.0) 12.2.0
Copyright (C) 2022 Free Software Foundation, Inc.
This is free software; see the source for copying conditions.  There is NO
warranty; not even for MERCHANTABILITY or FITNESS FOR A PARTICULAR PURPOSE.

compiling: g++-12 -std=c++17 -O3 -w test/insert/array_of_sorted_arrays.cpp -o bin/test/insert/array_of_sorted_arrays
succeeded: test/insert/array_of_sorted_arrays.cpp
compiling: g++-12 -std=c++17 -O3 -w test/insert/btree.cpp -o bin/test/insert/btree
succeeded: test/insert/btree.cpp
compiling: g++-12 -std=c++17 -O3 -w test/insert/hashtable.cpp -o bin/test/insert/hashtable
succeeded: test/insert/hashtable.cpp
compiling: g++-12 -std=c++17 -O3 -w test/insert/skiplist.cpp -o bin/test/insert/skiplist
succeeded: test/insert/skiplist.cpp
compiling: g++-12 -std=c++17 -O3 -w test/insert/treap.cpp -o bin/test/insert/treap
succeeded: test/insert/treap.cpp
compiling: g++-12 -std=c++17 -O3 -w test/search/array_of_sorted_arrays.cpp -o bin/test/search/array_of_sorted_arrays
succeeded: test/search/array_of_sorted_arrays.cpp
compiling: g++-12 -std=c++17 -O3 -w test/search/btree.cpp -o bin/test/search/btree
succeeded: test/search/btree.cpp
compiling: g++-12 -std=c++17 -O3 -w test/search/hashtable.cpp -o bin/test/search/hashtable
succeeded: test/search/hashtable.cpp
compiling: g++-12 -std=c++17 -O3 -w test/search/skiplist.cpp -o bin/test/search/skiplist
succeeded: test/search/skiplist.cpp
compiling: g++-12 -std=c++17 -O3 -w test/search/treap.cpp -o bin/test/search/treap
succeeded: test/search/treap.cpp
using timeout command:
timeout (GNU coreutils) 9.1
Copyright (C) 2022 Free Software Foundation, Inc.
License GPLv3+: GNU GPL version 3 or later <https://gnu.org/licenses/gpl.html>.
This is free software: you are free to change and redistribute it.
There is NO WARRANTY, to the extent permitted by law.

Written by Padraig Brady.
testing: timeout 3s bin/test/insert/array_of_sorted_arrays 10 0 >> output/test/insert/array_of_sorted_arrays.log
testing: timeout 3s bin/test/insert/array_of_sorted_arrays 11 0 >> output/test/insert/array_of_sorted_arrays.log
testing: timeout 3s bin/test/insert/array_of_sorted_arrays 12 0 >> output/test/insert/array_of_sorted_arrays.log
testing: timeout 3s bin/test/insert/array_of_sorted_arrays 13 0 >> output/test/insert/array_of_sorted_arrays.log
testing: timeout 3s bin/test/insert/array_of_sorted_arrays 14 0 >> output/test/insert/array_of_sorted_arrays.log
testing: timeout 3s bin/test/insert/array_of_sorted_arrays 15 0 >> output/test/insert/array_of_sorted_arrays.log
testing: timeout 3s bin/test/insert/array_of_sorted_arrays 16 0 >> output/test/insert/array_of_sorted_arrays.log
testing: timeout 3s bin/test/insert/array_of_sorted_arrays 17 0 >> output/test/insert/array_of_sorted_arrays.log
testing: timeout 3s bin/test/insert/array_of_sorted_arrays 18 0 >> output/test/insert/array_of_sorted_arrays.log
testing: timeout 3s bin/test/insert/array_of_sorted_arrays 19 0 >> output/test/insert/array_of_sorted_arrays.log
testing: timeout 3s bin/test/insert/array_of_sorted_arrays 20 0 >> output/test/insert/array_of_sorted_arrays.log
testing: timeout 3s bin/test/insert/array_of_sorted_arrays 21 0 >> output/test/insert/array_of_sorted_arrays.log
testing: timeout 3s bin/test/insert/array_of_sorted_arrays 22 0 >> output/test/insert/array_of_sorted_arrays.log
> remedy the output for this timeout
testing: timeout 3s bin/test/insert/array_of_sorted_arrays 23 124 >> output/test/insert/array_of_sorted_arrays.log
testing: timeout 3s bin/test/insert/array_of_sorted_arrays 24 1 >> output/test/insert/array_of_sorted_arrays.log
testing: timeout 3s bin/test/insert/array_of_sorted_arrays 25 1 >> output/test/insert/array_of_sorted_arrays.log
testing: timeout 3s bin/test/insert/array_of_sorted_arrays 26 1 >> output/test/insert/array_of_sorted_arrays.log
testing: timeout 3s bin/test/insert/array_of_sorted_arrays 27 1 >> output/test/insert/array_of_sorted_arrays.log
testing: timeout 3s bin/test/insert/array_of_sorted_arrays 28 1 >> output/test/insert/array_of_sorted_arrays.log
testing: timeout 3s bin/test/insert/array_of_sorted_arrays 29 1 >> output/test/insert/array_of_sorted_arrays.log
testing: timeout 3s bin/test/insert/array_of_sorted_arrays 30 1 >> output/test/insert/array_of_sorted_arrays.log
testing: timeout 3s bin/test/insert/btree 10 0 >> output/test/insert/btree.log
testing: timeout 3s bin/test/insert/btree 11 0 >> output/test/insert/btree.log
testing: timeout 3s bin/test/insert/btree 12 0 >> output/test/insert/btree.log
testing: timeout 3s bin/test/insert/btree 13 0 >> output/test/insert/btree.log
testing: timeout 3s bin/test/insert/btree 14 0 >> output/test/insert/btree.log
testing: timeout 3s bin/test/insert/btree 15 0 >> output/test/insert/btree.log
testing: timeout 3s bin/test/insert/btree 16 0 >> output/test/insert/btree.log
testing: timeout 3s bin/test/insert/btree 17 0 >> output/test/insert/btree.log
testing: timeout 3s bin/test/insert/btree 18 0 >> output/test/insert/btree.log
testing: timeout 3s bin/test/insert/btree 19 0 >> output/test/insert/btree.log
testing: timeout 3s bin/test/insert/btree 20 0 >> output/test/insert/btree.log
testing: timeout 3s bin/test/insert/btree 21 0 >> output/test/insert/btree.log
testing: timeout 3s bin/test/insert/btree 22 0 >> output/test/insert/btree.log
testing: timeout 3s bin/test/insert/btree 23 0 >> output/test/insert/btree.log
> remedy the output for this timeout
testing: timeout 3s bin/test/insert/btree 24 124 >> output/test/insert/btree.log
testing: timeout 3s bin/test/insert/btree 25 1 >> output/test/insert/btree.log
testing: timeout 3s bin/test/insert/btree 26 1 >> output/test/insert/btree.log
testing: timeout 3s bin/test/insert/btree 27 1 >> output/test/insert/btree.log
testing: timeout 3s bin/test/insert/btree 28 1 >> output/test/insert/btree.log
testing: timeout 3s bin/test/insert/btree 29 1 >> output/test/insert/btree.log
testing: timeout 3s bin/test/insert/btree 30 1 >> output/test/insert/btree.log
testing: timeout 3s bin/test/insert/hashtable 10 0 >> output/test/insert/hashtable.log
testing: timeout 3s bin/test/insert/hashtable 11 0 >> output/test/insert/hashtable.log
testing: timeout 3s bin/test/insert/hashtable 12 0 >> output/test/insert/hashtable.log
testing: timeout 3s bin/test/insert/hashtable 13 0 >> output/test/insert/hashtable.log
testing: timeout 3s bin/test/insert/hashtable 14 0 >> output/test/insert/hashtable.log
testing: timeout 3s bin/test/insert/hashtable 15 0 >> output/test/insert/hashtable.log
testing: timeout 3s bin/test/insert/hashtable 16 0 >> output/test/insert/hashtable.log
testing: timeout 3s bin/test/insert/hashtable 17 0 >> output/test/insert/hashtable.log
testing: timeout 3s bin/test/insert/hashtable 18 0 >> output/test/insert/hashtable.log
testing: timeout 3s bin/test/insert/hashtable 19 0 >> output/test/insert/hashtable.log
testing: timeout 3s bin/test/insert/hashtable 20 0 >> output/test/insert/hashtable.log
testing: timeout 3s bin/test/insert/hashtable 21 0 >> output/test/insert/hashtable.log
testing: timeout 3s bin/test/insert/hashtable 22 0 >> output/test/insert/hashtable.log
testing: timeout 3s bin/test/insert/hashtable 23 124 >> output/test/insert/hashtable.log
testing: timeout 3s bin/test/insert/hashtable 24 1 >> output/test/insert/hashtable.log
testing: timeout 3s bin/test/insert/hashtable 25 1 >> output/test/insert/hashtable.log
testing: timeout 3s bin/test/insert/hashtable 26 1 >> output/test/insert/hashtable.log
testing: timeout 3s bin/test/insert/hashtable 27 1 >> output/test/insert/hashtable.log
testing: timeout 3s bin/test/insert/hashtable 28 1 >> output/test/insert/hashtable.log
testing: timeout 3s bin/test/insert/hashtable 29 1 >> output/test/insert/hashtable.log
testing: timeout 3s bin/test/insert/hashtable 30 1 >> output/test/insert/hashtable.log
testing: timeout 3s bin/test/insert/skiplist 10 0 >> output/test/insert/skiplist.log
testing: timeout 3s bin/test/insert/skiplist 11 0 >> output/test/insert/skiplist.log
testing: timeout 3s bin/test/insert/skiplist 12 0 >> output/test/insert/skiplist.log
testing: timeout 3s bin/test/insert/skiplist 13 0 >> output/test/insert/skiplist.log
testing: timeout 3s bin/test/insert/skiplist 14 0 >> output/test/insert/skiplist.log
testing: timeout 3s bin/test/insert/skiplist 15 0 >> output/test/insert/skiplist.log
testing: timeout 3s bin/test/insert/skiplist 16 0 >> output/test/insert/skiplist.log
testing: timeout 3s bin/test/insert/skiplist 17 0 >> output/test/insert/skiplist.log
testing: timeout 3s bin/test/insert/skiplist 18 0 >> output/test/insert/skiplist.log
testing: timeout 3s bin/test/insert/skiplist 19 0 >> output/test/insert/skiplist.log
testing: timeout 3s bin/test/insert/skiplist 20 0 >> output/test/insert/skiplist.log
testing: timeout 3s bin/test/insert/skiplist 21 124 >> output/test/insert/skiplist.log
testing: timeout 3s bin/test/insert/skiplist 22 1 >> output/test/insert/skiplist.log
testing: timeout 3s bin/test/insert/skiplist 23 1 >> output/test/insert/skiplist.log
testing: timeout 3s bin/test/insert/skiplist 24 1 >> output/test/insert/skiplist.log
testing: timeout 3s bin/test/insert/skiplist 25 1 >> output/test/insert/skiplist.log
testing: timeout 3s bin/test/insert/skiplist 26 1 >> output/test/insert/skiplist.log
testing: timeout 3s bin/test/insert/skiplist 27 1 >> output/test/insert/skiplist.log
testing: timeout 3s bin/test/insert/skiplist 28 1 >> output/test/insert/skiplist.log
testing: timeout 3s bin/test/insert/skiplist 29 1 >> output/test/insert/skiplist.log
testing: timeout 3s bin/test/insert/skiplist 30 1 >> output/test/insert/skiplist.log
testing: timeout 3s bin/test/insert/treap 10 0 >> output/test/insert/treap.log
testing: timeout 3s bin/test/insert/treap 11 0 >> output/test/insert/treap.log
testing: timeout 3s bin/test/insert/treap 12 0 >> output/test/insert/treap.log
testing: timeout 3s bin/test/insert/treap 13 0 >> output/test/insert/treap.log
testing: timeout 3s bin/test/insert/treap 14 0 >> output/test/insert/treap.log
testing: timeout 3s bin/test/insert/treap 15 0 >> output/test/insert/treap.log
testing: timeout 3s bin/test/insert/treap 16 0 >> output/test/insert/treap.log
testing: timeout 3s bin/test/insert/treap 17 0 >> output/test/insert/treap.log
testing: timeout 3s bin/test/insert/treap 18 0 >> output/test/insert/treap.log
testing: timeout 3s bin/test/insert/treap 19 0 >> output/test/insert/treap.log
testing: timeout 3s bin/test/insert/treap 20 0 >> output/test/insert/treap.log
testing: timeout 3s bin/test/insert/treap 21 0 >> output/test/insert/treap.log
> remedy the output for this timeout
testing: timeout 3s bin/test/insert/treap 22 124 >> output/test/insert/treap.log
testing: timeout 3s bin/test/insert/treap 23 1 >> output/test/insert/treap.log
testing: timeout 3s bin/test/insert/treap 24 1 >> output/test/insert/treap.log
testing: timeout 3s bin/test/insert/treap 25 1 >> output/test/insert/treap.log
testing: timeout 3s bin/test/insert/treap 26 1 >> output/test/insert/treap.log
testing: timeout 3s bin/test/insert/treap 27 1 >> output/test/insert/treap.log
testing: timeout 3s bin/test/insert/treap 28 1 >> output/test/insert/treap.log
testing: timeout 3s bin/test/insert/treap 29 1 >> output/test/insert/treap.log
testing: timeout 3s bin/test/insert/treap 30 1 >> output/test/insert/treap.log
testing: timeout 3s bin/test/search/array_of_sorted_arrays 10 0 >> output/test/search/array_of_sorted_arrays.log
testing: timeout 3s bin/test/search/array_of_sorted_arrays 11 0 >> output/test/search/array_of_sorted_arrays.log
testing: timeout 3s bin/test/search/array_of_sorted_arrays 12 0 >> output/test/search/array_of_sorted_arrays.log
testing: timeout 3s bin/test/search/array_of_sorted_arrays 13 0 >> output/test/search/array_of_sorted_arrays.log
testing: timeout 3s bin/test/search/array_of_sorted_arrays 14 0 >> output/test/search/array_of_sorted_arrays.log
testing: timeout 3s bin/test/search/array_of_sorted_arrays 15 0 >> output/test/search/array_of_sorted_arrays.log
testing: timeout 3s bin/test/search/array_of_sorted_arrays 16 0 >> output/test/search/array_of_sorted_arrays.log
testing: timeout 3s bin/test/search/array_of_sorted_arrays 17 0 >> output/test/search/array_of_sorted_arrays.log
testing: timeout 3s bin/test/search/array_of_sorted_arrays 18 0 >> output/test/search/array_of_sorted_arrays.log
testing: timeout 3s bin/test/search/array_of_sorted_arrays 19 0 >> output/test/search/array_of_sorted_arrays.log
testing: timeout 3s bin/test/search/array_of_sorted_arrays 20 0 >> output/test/search/array_of_sorted_arrays.log
testing: timeout 3s bin/test/search/array_of_sorted_arrays 21 0 >> output/test/search/array_of_sorted_arrays.log
testing: timeout 3s bin/test/search/array_of_sorted_arrays 22 0 >> output/test/search/array_of_sorted_arrays.log
> remedy the output for this timeout
testing: timeout 3s bin/test/search/array_of_sorted_arrays 23 124 >> output/test/search/array_of_sorted_arrays.log
testing: timeout 3s bin/test/search/array_of_sorted_arrays 24 1 >> output/test/search/array_of_sorted_arrays.log
testing: timeout 3s bin/test/search/array_of_sorted_arrays 25 1 >> output/test/search/array_of_sorted_arrays.log
testing: timeout 3s bin/test/search/array_of_sorted_arrays 26 1 >> output/test/search/array_of_sorted_arrays.log
testing: timeout 3s bin/test/search/array_of_sorted_arrays 27 1 >> output/test/search/array_of_sorted_arrays.log
testing: timeout 3s bin/test/search/array_of_sorted_arrays 28 1 >> output/test/search/array_of_sorted_arrays.log
testing: timeout 3s bin/test/search/array_of_sorted_arrays 29 1 >> output/test/search/array_of_sorted_arrays.log
testing: timeout 3s bin/test/search/array_of_sorted_arrays 30 1 >> output/test/search/array_of_sorted_arrays.log
testing: timeout 3s bin/test/search/btree 10 0 >> output/test/search/btree.log
testing: timeout 3s bin/test/search/btree 11 0 >> output/test/search/btree.log
testing: timeout 3s bin/test/search/btree 12 0 >> output/test/search/btree.log
testing: timeout 3s bin/test/search/btree 13 0 >> output/test/search/btree.log
testing: timeout 3s bin/test/search/btree 14 0 >> output/test/search/btree.log
testing: timeout 3s bin/test/search/btree 15 0 >> output/test/search/btree.log
testing: timeout 3s bin/test/search/btree 16 0 >> output/test/search/btree.log
testing: timeout 3s bin/test/search/btree 17 0 >> output/test/search/btree.log
testing: timeout 3s bin/test/search/btree 18 0 >> output/test/search/btree.log
testing: timeout 3s bin/test/search/btree 19 0 >> output/test/search/btree.log
testing: timeout 3s bin/test/search/btree 20 0 >> output/test/search/btree.log
testing: timeout 3s bin/test/search/btree 21 0 >> output/test/search/btree.log
testing: timeout 3s bin/test/search/btree 22 0 >> output/test/search/btree.log
testing: timeout 3s bin/test/search/btree 23 0 >> output/test/search/btree.log
> remedy the output for this timeout
testing: timeout 3s bin/test/search/btree 24 124 >> output/test/search/btree.log
testing: timeout 3s bin/test/search/btree 25 1 >> output/test/search/btree.log
testing: timeout 3s bin/test/search/btree 26 1 >> output/test/search/btree.log
testing: timeout 3s bin/test/search/btree 27 1 >> output/test/search/btree.log
testing: timeout 3s bin/test/search/btree 28 1 >> output/test/search/btree.log
testing: timeout 3s bin/test/search/btree 29 1 >> output/test/search/btree.log
testing: timeout 3s bin/test/search/btree 30 1 >> output/test/search/btree.log
testing: timeout 3s bin/test/search/hashtable 10 0 >> output/test/search/hashtable.log
testing: timeout 3s bin/test/search/hashtable 11 0 >> output/test/search/hashtable.log
testing: timeout 3s bin/test/search/hashtable 12 0 >> output/test/search/hashtable.log
testing: timeout 3s bin/test/search/hashtable 13 0 >> output/test/search/hashtable.log
testing: timeout 3s bin/test/search/hashtable 14 0 >> output/test/search/hashtable.log
testing: timeout 3s bin/test/search/hashtable 15 0 >> output/test/search/hashtable.log
testing: timeout 3s bin/test/search/hashtable 16 0 >> output/test/search/hashtable.log
testing: timeout 3s bin/test/search/hashtable 17 0 >> output/test/search/hashtable.log
testing: timeout 3s bin/test/search/hashtable 18 0 >> output/test/search/hashtable.log
testing: timeout 3s bin/test/search/hashtable 19 0 >> output/test/search/hashtable.log
testing: timeout 3s bin/test/search/hashtable 20 0 >> output/test/search/hashtable.log
testing: timeout 3s bin/test/search/hashtable 21 0 >> output/test/search/hashtable.log
testing: timeout 3s bin/test/search/hashtable 22 0 >> output/test/search/hashtable.log
testing: timeout 3s bin/test/search/hashtable 23 124 >> output/test/search/hashtable.log
testing: timeout 3s bin/test/search/hashtable 24 1 >> output/test/search/hashtable.log
testing: timeout 3s bin/test/search/hashtable 25 1 >> output/test/search/hashtable.log
testing: timeout 3s bin/test/search/hashtable 26 1 >> output/test/search/hashtable.log
testing: timeout 3s bin/test/search/hashtable 27 1 >> output/test/search/hashtable.log
testing: timeout 3s bin/test/search/hashtable 28 1 >> output/test/search/hashtable.log
testing: timeout 3s bin/test/search/hashtable 29 1 >> output/test/search/hashtable.log
testing: timeout 3s bin/test/search/hashtable 30 1 >> output/test/search/hashtable.log
testing: timeout 3s bin/test/search/skiplist 10 0 >> output/test/search/skiplist.log
testing: timeout 3s bin/test/search/skiplist 11 0 >> output/test/search/skiplist.log
testing: timeout 3s bin/test/search/skiplist 12 0 >> output/test/search/skiplist.log
testing: timeout 3s bin/test/search/skiplist 13 0 >> output/test/search/skiplist.log
testing: timeout 3s bin/test/search/skiplist 14 0 >> output/test/search/skiplist.log
testing: timeout 3s bin/test/search/skiplist 15 0 >> output/test/search/skiplist.log
testing: timeout 3s bin/test/search/skiplist 16 0 >> output/test/search/skiplist.log
testing: timeout 3s bin/test/search/skiplist 17 0 >> output/test/search/skiplist.log
testing: timeout 3s bin/test/search/skiplist 18 0 >> output/test/search/skiplist.log
testing: timeout 3s bin/test/search/skiplist 19 0 >> output/test/search/skiplist.log
testing: timeout 3s bin/test/search/skiplist 20 0 >> output/test/search/skiplist.log
testing: timeout 3s bin/test/search/skiplist 21 0 >> output/test/search/skiplist.log
> remedy the output for this timeout
testing: timeout 3s bin/test/search/skiplist 22 124 >> output/test/search/skiplist.log
testing: timeout 3s bin/test/search/skiplist 23 1 >> output/test/search/skiplist.log
testing: timeout 3s bin/test/search/skiplist 24 1 >> output/test/search/skiplist.log
testing: timeout 3s bin/test/search/skiplist 25 1 >> output/test/search/skiplist.log
testing: timeout 3s bin/test/search/skiplist 26 1 >> output/test/search/skiplist.log
testing: timeout 3s bin/test/search/skiplist 27 1 >> output/test/search/skiplist.log
testing: timeout 3s bin/test/search/skiplist 28 1 >> output/test/search/skiplist.log
testing: timeout 3s bin/test/search/skiplist 29 1 >> output/test/search/skiplist.log
testing: timeout 3s bin/test/search/skiplist 30 1 >> output/test/search/skiplist.log
testing: timeout 3s bin/test/search/treap 10 0 >> output/test/search/treap.log
testing: timeout 3s bin/test/search/treap 11 0 >> output/test/search/treap.log
testing: timeout 3s bin/test/search/treap 12 0 >> output/test/search/treap.log
testing: timeout 3s bin/test/search/treap 13 0 >> output/test/search/treap.log
testing: timeout 3s bin/test/search/treap 14 0 >> output/test/search/treap.log
testing: timeout 3s bin/test/search/treap 15 0 >> output/test/search/treap.log
testing: timeout 3s bin/test/search/treap 16 0 >> output/test/search/treap.log
testing: timeout 3s bin/test/search/treap 17 0 >> output/test/search/treap.log
testing: timeout 3s bin/test/search/treap 18 0 >> output/test/search/treap.log
testing: timeout 3s bin/test/search/treap 19 0 >> output/test/search/treap.log
testing: timeout 3s bin/test/search/treap 20 0 >> output/test/search/treap.log
testing: timeout 3s bin/test/search/treap 21 0 >> output/test/search/treap.log
> remedy the output for this timeout
testing: timeout 3s bin/test/search/treap 22 124 >> output/test/search/treap.log
testing: timeout 3s bin/test/search/treap 23 1 >> output/test/search/treap.log
testing: timeout 3s bin/test/search/treap 24 1 >> output/test/search/treap.log
testing: timeout 3s bin/test/search/treap 25 1 >> output/test/search/treap.log
testing: timeout 3s bin/test/search/treap 26 1 >> output/test/search/treap.log
testing: timeout 3s bin/test/search/treap 27 1 >> output/test/search/treap.log
testing: timeout 3s bin/test/search/treap 28 1 >> output/test/search/treap.log
testing: timeout 3s bin/test/search/treap 29 1 >> output/test/search/treap.log
testing: timeout 3s bin/test/search/treap 30 1 >> output/test/search/treap.log
using python:
Python 3.10.8
using python package - matplotlib:
matplotlib         3.6.2
creating CSV header for output/test/summary/summary.csv
cat output/test/insert/array_of_sorted_arrays.log >> output/test/summary/summary.csv
cat output/test/insert/btree.log >> output/test/summary/summary.csv
cat output/test/insert/hashtable.log >> output/test/summary/summary.csv
cat output/test/insert/skiplist.log >> output/test/summary/summary.csv
cat output/test/insert/treap.log >> output/test/summary/summary.csv
cat output/test/search/array_of_sorted_arrays.log >> output/test/summary/summary.csv
cat output/test/search/btree.log >> output/test/summary/summary.csv
cat output/test/search/hashtable.log >> output/test/summary/summary.csv
cat output/test/search/skiplist.log >> output/test/summary/summary.csv
cat output/test/search/treap.log >> output/test/summary/summary.csv
python3 test/summary/plot_summary.py
output plot: output/test/summary/insert_large.png
output plot: output/test/summary/insert_small.png
output plot: output/test/summary/search_large.png
output plot: output/test/summary/search_small.png
