15 0.0769231
14 0.153846
13 0.230769
12 0.307692
11 0.384615
10 0.461538
9 0.538462
8 0.615385
7 0.692308
6 0.769231
5 0.846154
4 0.923077
3 1         // rehash called here
2 0.482759
1 0.517241
0 0.551724

#include <iostream>
#include "../test/general/general.hpp"

// header for this structure
//
#include <unordered_set>

// example program
//
// please check that you are in the `example` directory by this command:
// > pwd
//
// please compile it with the command (GNU CXX COMPILER):
// > g++ -std=c++17 hashtable_rehash.cpp -o hashtable_rehash
//
// after compilation, please run with the command:
// > ./hashtable_rehash
//
// after running, please remove it with the command:
// > rm ./hashtable_rehash
//
// or just enter this one command:
// > g++ -std=c++17 hashtable_rehash.cpp -o hashtable_rehash && ./hashtable_rehash && rm ./hashtable_rehash
//
int main() {
  std::unordered_set<int> structure;

  // rehash occurs when `load_factor() >= max_load_factor()`
  // it's the worst case, which is O(N) time
  //
  // reference:
  // https://gcc.gnu.org/onlinedocs/gcc-12.2.0/libstdc++/api/a08942.html#a086929d624211470ff2b20a0ba23a86d
  //
  for (std::size_t i(ds::from_2_power_of(4)); i--;) {
    structure.insert(i + 10);
    std::cout << i << " " << structure.load_factor() << std::endl;
  }
}
