using CXX compiler and CXXFLAGS:
g++-12 (Homebrew GCC 12.2.0) 12.2.0
Copyright (C) 2022 Free Software Foundation, Inc.
This is free software; see the source for copying conditions.  There is NO
warranty; not even for MERCHANTABILITY or FITNESS FOR A PARTICULAR PURPOSE.

compiling: g++-12 -std=c++17 -O3 -w test/insert/array_of_sorted_arrays.cpp -o bin/test/insert/array_of_sorted_arrays
succeeded: test/insert/array_of_sorted_arrays.cpp
compiling: g++-12 -std=c++17 -O3 -w test/insert/btree.cpp -o bin/test/insert/btree
succeeded: test/insert/btree.cpp
compiling: g++-12 -std=c++17 -O3 -w test/insert/hashtable.cpp -o bin/test/insert/hashtable
succeeded: test/insert/hashtable.cpp
compiling: g++-12 -std=c++17 -O3 -w test/insert/skiplist.cpp -o bin/test/insert/skiplist
succeeded: test/insert/skiplist.cpp
compiling: g++-12 -std=c++17 -O3 -w test/insert/treap.cpp -o bin/test/insert/treap
succeeded: test/insert/treap.cpp
compiling: g++-12 -std=c++17 -O3 -w test/search/array_of_sorted_arrays.cpp -o bin/test/search/array_of_sorted_arrays
succeeded: test/search/array_of_sorted_arrays.cpp
compiling: g++-12 -std=c++17 -O3 -w test/search/btree.cpp -o bin/test/search/btree
succeeded: test/search/btree.cpp
compiling: g++-12 -std=c++17 -O3 -w test/search/hashtable.cpp -o bin/test/search/hashtable
succeeded: test/search/hashtable.cpp
compiling: g++-12 -std=c++17 -O3 -w test/search/skiplist.cpp -o bin/test/search/skiplist
succeeded: test/search/skiplist.cpp
compiling: g++-12 -std=c++17 -O3 -w test/search/treap.cpp -o bin/test/search/treap
succeeded: test/search/treap.cpp
